
Processing print_summary_NTagB_MV2c10at60tagged_tag_ingo_templates_24_lastBin.C...
NTagB for MV2c10at60tagged ingo_templates_24_lastBin
44079.6
42981.1
29052.2
28625.7
77000.9
23392.7
98667.2
54537.9
61527.9

Processing print_summary_NUntagB_MV2c10at60tagged_tag_ingo_templates_24_lastBin.C...
NUntagB for MV2c10at60tagged ingo_templates_24_lastBin
40312.6
28430.9
17606.3
18829.4
45462.8
13401
50447.4
28832.2
23927.8

Processing print_summary_measuredBEfficiencies_MV2c10at60tagged_tag_ingo_templates_24_lastBin.C...
measuredBEfficiencies for MV2c10at60tagged ingo_templates_24_lastBin
0.522318
0.601875
0.622656
0.603216
0.628765
0.635781
0.661687
0.654166
0.719998

Processing print_summary_trueBEfficiencies_MV2c10at60tagged_tag_ingo_templates_24_lastBin.C...
trueBEfficiencies for MV2c10at60tagged ingo_templates_24_lastBin
0.445485
0.551713
0.661165
0.676753
0.691734
0.705948
0.730468
0.710371
0.670944
