
Processing print_all_bins_hist_MV2c10at60tagged_tag_ingo_fitter.C...
0.16
0.22
0.2
0.15
0.15
0.16
0.16
0.14
0.14

Processing print_all_bins_hist_MV2c10at60tagged_tag_ingo_templates_no_overflow.C...
0.16
0.22
0.2
0.15
0.15
0.16
0.16
0.14
0.14

Processing print_all_bins_hist_MV2c10at60tagged_tag_ingo_templates_with_overflow.C...
0.16
0.22
0.2
0.15
0.15
0.16
0.16
0.14
0.14

Processing print_all_bins_hist_MV2c10at60tagged_tag_old_tuples_old_BT.C...
0.16
0.22
0.2
0.15
0.15
0.16
0.16
0.14
0.14

Processing print_all_bins_hist_MV2c10at60tagged_tag_new_tuples_old_BT.C...
0.15
0.18
0.41
0.35
0.3
0.32
0.29
0.26
0.2

Processing print_all_bins_hist_MV2c10at60tagged_tag_new_tuples_new_BT.C...
0.47
0.23
0.41
0.35
0.3
0.32
0.29
0.26
0.2
