
Processing print_all_bins_integral_MV2c10at60tagged_tag_00BT_with_HF_corr_normalization_fix.C...
pTrel_data_tag
77341
74657
53472
59048
136259
43423
175036
119939
151578

Processing print_all_bins_integral_MV2c10at70tagged_tag_00BT_with_HF_corr_normalization_fix.C...
pTrel_data_tag
103564
96102
66699
73274
168478
53387
217453
150064
193343

Processing print_all_bins_integral_MV2c10at77tagged_tag_00BT_with_HF_corr_normalization_fix.C...
pTrel_data_tag
130051
116312
79426
86462
197870
62702
255717
178062
232535

Processing print_all_bins_integral_MV2c10at85tagged_tag_00BT_with_HF_corr_normalization_fix.C...
pTrel_data_tag
168547
148259
99655
107964
246609
77921
319597
224675
295435

Processing print_all_bins_integral_MV2c10at60tagged_tag_00BT_with_HF_corr_normalization_fix.C...
pTrel_data_untag
214159
187876
121558
131459
307017
90485
388393
292734
412506

Processing print_all_bins_integral_MV2c10at70tagged_tag_00BT_with_HF_corr_normalization_fix.C...
pTrel_data_untag
187936
166431
108331
117233
274798
80521
345976
262609
370741

Processing print_all_bins_integral_MV2c10at77tagged_tag_00BT_with_HF_corr_normalization_fix.C...
pTrel_data_untag
161449
146221
95604
104045
245406
71206
307712
234611
331549

Processing print_all_bins_integral_MV2c10at85tagged_tag_00BT_with_HF_corr_normalization_fix.C...
pTrel_data_untag
122953
114274
75375
82543
196667
55987
243832
187998
268649
