
Processing print_all_bins_integral_MV2c10at60tagged_tag_01758BT_with_HF_corr_normalization_fix.C...
pTrel_data_tag
70255
67236
47971
52714
121285
38770
155886
106087
133700

Processing print_all_bins_integral_MV2c10at70tagged_tag_01758BT_with_HF_corr_normalization_fix.C...
pTrel_data_tag
93357
85976
59415
65117
149212
47458
192765
132113
169735

Processing print_all_bins_integral_MV2c10at77tagged_tag_01758BT_with_HF_corr_normalization_fix.C...
pTrel_data_tag
116483
103233
70384
76393
174269
55355
225520
155955
203461

Processing print_all_bins_integral_MV2c10at85tagged_tag_01758BT_with_HF_corr_normalization_fix.C...
pTrel_data_tag
149632
130227
87293
94426
215087
68226
279602
195644
256410

Processing print_all_bins_integral_MV2c10at60tagged_tag_01758BT_with_HF_corr_normalization_fix.C...
pTrel_data_untag
182927
157128
101066
109667
256463
76011
327089
246501
347324

Processing print_all_bins_integral_MV2c10at70tagged_tag_01758BT_with_HF_corr_normalization_fix.C...
pTrel_data_untag
159825
138388
89622
97264
228536
67323
290210
220475
311289

Processing print_all_bins_integral_MV2c10at77tagged_tag_01758BT_with_HF_corr_normalization_fix.C...
pTrel_data_untag
136699
121131
78653
85988
203479
59426
257455
196633
277563

Processing print_all_bins_integral_MV2c10at85tagged_tag_01758BT_with_HF_corr_normalization_fix.C...
pTrel_data_untag
103550
94137
61744
67955
162661
46555
203373
156944
224614
