
Processing print_all_bins_hist_MV2c10at60tagged_tag_new_tuples_old_BT_with_HF_corr_normalization_fix.C...
b-Fraction_tag
1
1
1
1
1
1
1
1
1

Processing print_all_bins_hist_MV2c10at70tagged_tag_new_tuples_old_BT_with_HF_corr_normalization_fix.C...
b-Fraction_tag
0.975
0.971
0.994
1
1
1
1
1
1

Processing print_all_bins_hist_MV2c10at77tagged_tag_new_tuples_old_BT_with_HF_corr_normalization_fix.C...
b-Fraction_tag
0.842
0.869
0.919
0.98
1
1
1
1
1

Processing print_all_bins_hist_MV2c10at85tagged_tag_new_tuples_old_BT_with_HF_corr_normalization_fix.C...
b-Fraction_tag
0.667
0.696
0.784
0.853
0.941
0.973
1
1
1

Processing print_all_bins_hist_MV2c10at60tagged_untag_new_tuples_old_BT_with_HF_corr_normalization_fix.C...
b-Fraction_tag
1
1
1
1
1
1
1
1
1

Processing print_all_bins_hist_MV2c10at70tagged_untag_new_tuples_old_BT_with_HF_corr_normalization_fix.C...
b-Fraction_tag
0.975
0.971
0.994
1
1
1
1
1
1

Processing print_all_bins_hist_MV2c10at77tagged_untag_new_tuples_old_BT_with_HF_corr_normalization_fix.C...
b-Fraction_tag
0.842
0.869
0.919
0.98
1
1
1
1
1

Processing print_all_bins_hist_MV2c10at85tagged_untag_new_tuples_old_BT_with_HF_corr_normalization_fix.C...
b-Fraction_tag
0.667
0.696
0.784
0.853
0.941
0.973
1
1
1

Processing print_all_bins_hist_MV2c10at60tagged_tag_new_tuples_old_BT_with_HF_corr_normalization_fix.C...
b-Fraction_untag
0.24
0.17
0.195
0.202
0.229
0.242
0.217
0.22
0.216

Processing print_all_bins_hist_MV2c10at70tagged_tag_new_tuples_old_BT_with_HF_corr_normalization_fix.C...
b-Fraction_untag
0.191
0.124
0.143
0.144
0.164
0.169
0.13
0.137
0.13

Processing print_all_bins_hist_MV2c10at77tagged_tag_new_tuples_old_BT_with_HF_corr_normalization_fix.C...
b-Fraction_untag
0.162
0.092
0.103
0.098
0.107
0.1
0.049
0.051
0.059

Processing print_all_bins_hist_MV2c10at85tagged_tag_new_tuples_old_BT_with_HF_corr_normalization_fix.C...
b-Fraction_untag
0.155
0.075
0.071
0.045
0.037
5.50775e-17
5.50775e-17
5.50775e-17
5.50775e-17

Processing print_all_bins_hist_MV2c10at60tagged_untag_new_tuples_old_BT_with_HF_corr_normalization_fix.C...
b-Fraction_untag
0.24
0.17
0.195
0.202
0.229
0.242
0.217
0.22
0.216

Processing print_all_bins_hist_MV2c10at70tagged_untag_new_tuples_old_BT_with_HF_corr_normalization_fix.C...
b-Fraction_untag
0.191
0.124
0.143
0.144
0.164
0.169
0.13
0.137
0.13

Processing print_all_bins_hist_MV2c10at77tagged_untag_new_tuples_old_BT_with_HF_corr_normalization_fix.C...
b-Fraction_untag
0.162
0.092
0.103
0.098
0.107
0.1
0.049
0.051
0.059

Processing print_all_bins_hist_MV2c10at85tagged_untag_new_tuples_old_BT_with_HF_corr_normalization_fix.C...
b-Fraction_untag
0.155
0.075
0.071
0.045
0.037
5.50775e-17
5.50775e-17
5.50775e-17
5.50775e-17
