
Processing print_all_bins_hist_MV2c10at60tagged_tag_08BT_with_HF_corr_normalization_fix.C...
b-FractionErr_tag
-7.81493e-16
-7.81493e-16
-7.81493e-16
-7.81493e-16
-7.81493e-16
-7.81493e-16
-7.81493e-16
-7.81493e-16
-7.81493e-16

Processing print_all_bins_hist_MV2c10at70tagged_tag_08BT_with_HF_corr_normalization_fix.C...
b-FractionErr_tag
-7.81493e-16
-7.81493e-16
-7.81493e-16
-7.81493e-16
-7.81493e-16
-7.81493e-16
-7.81493e-16
-7.81493e-16
-7.81493e-16

Processing print_all_bins_hist_MV2c10at77tagged_tag_08BT_with_HF_corr_normalization_fix.C...
b-FractionErr_tag
-7.81493e-16
-7.81493e-16
-7.81493e-16
-7.81493e-16
-7.81493e-16
-7.81493e-16
-7.81493e-16
-7.81493e-16
-7.81493e-16

Processing print_all_bins_hist_MV2c10at85tagged_tag_08BT_with_HF_corr_normalization_fix.C...
b-FractionErr_tag
-7.81493e-16
-7.81493e-16
-7.81493e-16
-7.81493e-16
-7.81493e-16
0.01
-7.81493e-16
-7.81493e-16
-7.81493e-16

Processing print_all_bins_hist_MV2c10at60tagged_untag_08BT_with_HF_corr_normalization_fix.C...
b-FractionErr_tag
-7.81493e-16
-7.81493e-16
-7.81493e-16
-7.81493e-16
-7.81493e-16
-7.81493e-16
-7.81493e-16
-7.81493e-16
-7.81493e-16

Processing print_all_bins_hist_MV2c10at70tagged_untag_08BT_with_HF_corr_normalization_fix.C...
b-FractionErr_tag
-7.81493e-16
-7.81493e-16
-7.81493e-16
-7.81493e-16
-7.81493e-16
-7.81493e-16
-7.81493e-16
-7.81493e-16
-7.81493e-16

Processing print_all_bins_hist_MV2c10at77tagged_untag_08BT_with_HF_corr_normalization_fix.C...
b-FractionErr_tag
-7.81493e-16
-7.81493e-16
-7.81493e-16
-7.81493e-16
-7.81493e-16
-7.81493e-16
-7.81493e-16
-7.81493e-16
-7.81493e-16

Processing print_all_bins_hist_MV2c10at85tagged_untag_08BT_with_HF_corr_normalization_fix.C...
b-FractionErr_tag
-7.81493e-16
-7.81493e-16
-7.81493e-16
-7.81493e-16
-7.81493e-16
0.01
-7.81493e-16
-7.81493e-16
-7.81493e-16

Processing print_all_bins_hist_MV2c10at60tagged_tag_08BT_with_HF_corr_normalization_fix.C...
b-FractionErr_untag
-7.81493e-16
-7.81493e-16
-7.81493e-16
-7.81493e-16
-7.81493e-16
-7.81493e-16
-7.81493e-16
-7.81493e-16
-7.81493e-16

Processing print_all_bins_hist_MV2c10at70tagged_tag_08BT_with_HF_corr_normalization_fix.C...
b-FractionErr_untag
-7.81493e-16
-7.81493e-16
-7.81493e-16
-7.81493e-16
-7.81493e-16
-7.81493e-16
-7.81493e-16
-7.81493e-16
-7.81493e-16

Processing print_all_bins_hist_MV2c10at77tagged_tag_08BT_with_HF_corr_normalization_fix.C...
b-FractionErr_untag
-7.81493e-16
-7.81493e-16
-7.81493e-16
-7.81493e-16
-7.81493e-16
-7.81493e-16
-7.81493e-16
-7.81493e-16
-7.81493e-16

Processing print_all_bins_hist_MV2c10at85tagged_tag_08BT_with_HF_corr_normalization_fix.C...
b-FractionErr_untag
-7.81493e-16
-7.81493e-16
-7.81493e-16
-7.81493e-16
-7.81493e-16
-7.81493e-16
-7.81493e-16
-7.81493e-16
-7.81493e-16

Processing print_all_bins_hist_MV2c10at60tagged_untag_08BT_with_HF_corr_normalization_fix.C...
b-FractionErr_untag
-7.81493e-16
-7.81493e-16
-7.81493e-16
-7.81493e-16
-7.81493e-16
-7.81493e-16
-7.81493e-16
-7.81493e-16
-7.81493e-16

Processing print_all_bins_hist_MV2c10at70tagged_untag_08BT_with_HF_corr_normalization_fix.C...
b-FractionErr_untag
-7.81493e-16
-7.81493e-16
-7.81493e-16
-7.81493e-16
-7.81493e-16
-7.81493e-16
-7.81493e-16
-7.81493e-16
-7.81493e-16

Processing print_all_bins_hist_MV2c10at77tagged_untag_08BT_with_HF_corr_normalization_fix.C...
b-FractionErr_untag
-7.81493e-16
-7.81493e-16
-7.81493e-16
-7.81493e-16
-7.81493e-16
-7.81493e-16
-7.81493e-16
-7.81493e-16
-7.81493e-16

Processing print_all_bins_hist_MV2c10at85tagged_untag_08BT_with_HF_corr_normalization_fix.C...
b-FractionErr_untag
-7.81493e-16
-7.81493e-16
-7.81493e-16
-7.81493e-16
-7.81493e-16
-7.81493e-16
-7.81493e-16
-7.81493e-16
-7.81493e-16
