
Processing print_all_bins_hist_MV2c10at60tagged_tag_00BT_with_HF_corr_normalization_fix.C...
b-Fraction_tag
1
1
1
1
1
1
1
1
1

Processing print_all_bins_hist_MV2c10at70tagged_tag_00BT_with_HF_corr_normalization_fix.C...
b-Fraction_tag
1
1
1
1
1
1
1
1
1

Processing print_all_bins_hist_MV2c10at77tagged_tag_00BT_with_HF_corr_normalization_fix.C...
b-Fraction_tag
0.908
0.927
0.953
1
1
1
1
1
1

Processing print_all_bins_hist_MV2c10at85tagged_tag_00BT_with_HF_corr_normalization_fix.C...
b-Fraction_tag
0.754
0.788
0.847
0.904
0.924
0.95
0.976
0.981
0.961

Processing print_all_bins_hist_MV2c10at60tagged_untag_00BT_with_HF_corr_normalization_fix.C...
b-Fraction_tag
1
1
1
1
1
1
1
1
1

Processing print_all_bins_hist_MV2c10at70tagged_untag_00BT_with_HF_corr_normalization_fix.C...
b-Fraction_tag
1
1
1
1
1
1
1
1
1

Processing print_all_bins_hist_MV2c10at77tagged_untag_00BT_with_HF_corr_normalization_fix.C...
b-Fraction_tag
0.908
0.927
0.953
1
1
1
1
1
1

Processing print_all_bins_hist_MV2c10at85tagged_untag_00BT_with_HF_corr_normalization_fix.C...
b-Fraction_tag
0.754
0.788
0.847
0.904
0.924
0.95
0.976
0.981
0.961

Processing print_all_bins_hist_MV2c10at60tagged_tag_00BT_with_HF_corr_normalization_fix.C...
b-Fraction_untag
0.335
0.282
0.294
0.299
0.322
0.333
0.348
0.358
0.321

Processing print_all_bins_hist_MV2c10at70tagged_tag_00BT_with_HF_corr_normalization_fix.C...
b-Fraction_untag
0.279
0.224
0.235
0.234
0.258
0.272
0.281
0.297
0.249

Processing print_all_bins_hist_MV2c10at77tagged_tag_00BT_with_HF_corr_normalization_fix.C...
b-Fraction_untag
0.247
0.187
0.189
0.182
0.203
0.212
0.218
0.234
0.194

Processing print_all_bins_hist_MV2c10at85tagged_tag_00BT_with_HF_corr_normalization_fix.C...
b-Fraction_untag
0.237
0.169
0.159
0.131
0.149
0.135
0.134
0.145
0.124

Processing print_all_bins_hist_MV2c10at60tagged_untag_00BT_with_HF_corr_normalization_fix.C...
b-Fraction_untag
0.335
0.282
0.294
0.299
0.322
0.333
0.348
0.358
0.321

Processing print_all_bins_hist_MV2c10at70tagged_untag_00BT_with_HF_corr_normalization_fix.C...
b-Fraction_untag
0.279
0.224
0.235
0.234
0.258
0.272
0.281
0.297
0.249

Processing print_all_bins_hist_MV2c10at77tagged_untag_00BT_with_HF_corr_normalization_fix.C...
b-Fraction_untag
0.247
0.187
0.189
0.182
0.203
0.212
0.218
0.234
0.194

Processing print_all_bins_hist_MV2c10at85tagged_untag_00BT_with_HF_corr_normalization_fix.C...
b-Fraction_untag
0.237
0.169
0.159
0.131
0.149
0.135
0.134
0.145
0.124
