
Processing print_all_bins_hist_MV2c10at60tagged_tag_03BT_with_HF_corr_normalization_fix.C...
b-Fraction_tag
1
1
1
1
1
1
1
1
1

Processing print_all_bins_hist_MV2c10at70tagged_tag_03BT_with_HF_corr_normalization_fix.C...
b-Fraction_tag
1
0.987
1
1
1
1
1
1
1

Processing print_all_bins_hist_MV2c10at77tagged_tag_03BT_with_HF_corr_normalization_fix.C...
b-Fraction_tag
0.887
0.901
0.942
0.994
1
1
1
1
1

Processing print_all_bins_hist_MV2c10at85tagged_tag_03BT_with_HF_corr_normalization_fix.C...
b-Fraction_tag
0.723
0.749
0.823
0.88
0.925
0.952
0.993
1
1

Processing print_all_bins_hist_MV2c10at60tagged_untag_03BT_with_HF_corr_normalization_fix.C...
b-Fraction_tag
1
1
1
1
1
1
1
1
1

Processing print_all_bins_hist_MV2c10at70tagged_untag_03BT_with_HF_corr_normalization_fix.C...
b-Fraction_tag
1
0.987
1
1
1
1
1
1
1

Processing print_all_bins_hist_MV2c10at77tagged_untag_03BT_with_HF_corr_normalization_fix.C...
b-Fraction_tag
0.887
0.901
0.942
0.994
1
1
1
1
1

Processing print_all_bins_hist_MV2c10at85tagged_untag_03BT_with_HF_corr_normalization_fix.C...
b-Fraction_tag
0.723
0.749
0.823
0.88
0.925
0.952
0.993
1
1

Processing print_all_bins_hist_MV2c10at60tagged_tag_03BT_with_HF_corr_normalization_fix.C...
b-Fraction_untag
0.292
0.252
0.263
0.272
0.309
0.335
0.345
0.365
0.339

Processing print_all_bins_hist_MV2c10at70tagged_tag_03BT_with_HF_corr_normalization_fix.C...
b-Fraction_untag
0.238
0.2
0.206
0.212
0.248
0.275
0.281
0.304
0.272

Processing print_all_bins_hist_MV2c10at77tagged_tag_03BT_with_HF_corr_normalization_fix.C...
b-Fraction_untag
0.206
0.166
0.164
0.165
0.194
0.219
0.22
0.244
0.221

Processing print_all_bins_hist_MV2c10at85tagged_tag_03BT_with_HF_corr_normalization_fix.C...
b-Fraction_untag
0.198
0.15
0.137
0.117
0.142
0.147
0.142
0.161
0.156

Processing print_all_bins_hist_MV2c10at60tagged_untag_03BT_with_HF_corr_normalization_fix.C...
b-Fraction_untag
0.292
0.252
0.263
0.272
0.309
0.335
0.345
0.365
0.339

Processing print_all_bins_hist_MV2c10at70tagged_untag_03BT_with_HF_corr_normalization_fix.C...
b-Fraction_untag
0.238
0.2
0.206
0.212
0.248
0.275
0.281
0.304
0.272

Processing print_all_bins_hist_MV2c10at77tagged_untag_03BT_with_HF_corr_normalization_fix.C...
b-Fraction_untag
0.206
0.166
0.164
0.165
0.194
0.219
0.22
0.244
0.221

Processing print_all_bins_hist_MV2c10at85tagged_untag_03BT_with_HF_corr_normalization_fix.C...
b-Fraction_untag
0.198
0.15
0.137
0.117
0.142
0.147
0.142
0.161
0.156
