
Processing print_all_bins_hist_MV2c10at60tagged_tag_08BT_with_HF_corr_normalization_fix.C...
b-Fraction_tag
1
1
1
1
1
1
1
1
1

Processing print_all_bins_hist_MV2c10at70tagged_tag_08BT_with_HF_corr_normalization_fix.C...
b-Fraction_tag
0.988
0.964
0.991
1
1
1
1
1
1

Processing print_all_bins_hist_MV2c10at77tagged_tag_08BT_with_HF_corr_normalization_fix.C...
b-Fraction_tag
0.852
0.861
0.916
0.982
1
1
1
1
1

Processing print_all_bins_hist_MV2c10at85tagged_tag_08BT_with_HF_corr_normalization_fix.C...
b-Fraction_tag
0.677
0.688
0.778
0.852
0.916
0.947
1
1
1

Processing print_all_bins_hist_MV2c10at60tagged_untag_08BT_with_HF_corr_normalization_fix.C...
b-Fraction_tag
1
1
1
1
1
1
1
1
1

Processing print_all_bins_hist_MV2c10at70tagged_untag_08BT_with_HF_corr_normalization_fix.C...
b-Fraction_tag
0.988
0.964
0.991
1
1
1
1
1
1

Processing print_all_bins_hist_MV2c10at77tagged_untag_08BT_with_HF_corr_normalization_fix.C...
b-Fraction_tag
0.852
0.861
0.916
0.982
1
1
1
1
1

Processing print_all_bins_hist_MV2c10at85tagged_untag_08BT_with_HF_corr_normalization_fix.C...
b-Fraction_tag
0.677
0.688
0.778
0.852
0.916
0.947
1
1
1

Processing print_all_bins_hist_MV2c10at60tagged_tag_08BT_with_HF_corr_normalization_fix.C...
b-Fraction_untag
0.242
0.198
0.201
0.243
0.291
0.345
0.346
0.376
0.403

Processing print_all_bins_hist_MV2c10at70tagged_tag_08BT_with_HF_corr_normalization_fix.C...
b-Fraction_untag
0.194
0.153
0.151
0.191
0.239
0.292
0.288
0.323
0.346

Processing print_all_bins_hist_MV2c10at77tagged_tag_08BT_with_HF_corr_normalization_fix.C...
b-Fraction_untag
0.166
0.123
0.113
0.149
0.192
0.245
0.234
0.267
0.305

Processing print_all_bins_hist_MV2c10at85tagged_tag_08BT_with_HF_corr_normalization_fix.C...
b-Fraction_untag
0.158
0.11
0.085
0.107
0.146
0.187
0.164
0.196
0.257

Processing print_all_bins_hist_MV2c10at60tagged_untag_08BT_with_HF_corr_normalization_fix.C...
b-Fraction_untag
0.242
0.198
0.201
0.243
0.291
0.345
0.346
0.376
0.403

Processing print_all_bins_hist_MV2c10at70tagged_untag_08BT_with_HF_corr_normalization_fix.C...
b-Fraction_untag
0.194
0.153
0.151
0.191
0.239
0.292
0.288
0.323
0.346

Processing print_all_bins_hist_MV2c10at77tagged_untag_08BT_with_HF_corr_normalization_fix.C...
b-Fraction_untag
0.166
0.123
0.113
0.149
0.192
0.245
0.234
0.267
0.305

Processing print_all_bins_hist_MV2c10at85tagged_untag_08BT_with_HF_corr_normalization_fix.C...
b-Fraction_untag
0.158
0.11
0.085
0.107
0.146
0.187
0.164
0.196
0.257
