
Processing print_all_bins_hist_MV2c10at60tagged_tag_01758BT_with_HF_corr_normalization_fix.C...
b-Fraction_tag
1
1
1
1
1
1
1
1
1

Processing print_all_bins_hist_MV2c10at70tagged_tag_01758BT_with_HF_corr_normalization_fix.C...
b-Fraction_tag
1
1
1
1
1
1
1
1
1

Processing print_all_bins_hist_MV2c10at77tagged_tag_01758BT_with_HF_corr_normalization_fix.C...
b-Fraction_tag
0.923
0.941
0.957
1
1
1
1
1
1

Processing print_all_bins_hist_MV2c10at85tagged_tag_01758BT_with_HF_corr_normalization_fix.C...
b-Fraction_tag
0.774
0.809
0.858
0.913
0.93
0.947
0.967
0.956
0.934

Processing print_all_bins_hist_MV2c10at60tagged_untag_01758BT_with_HF_corr_normalization_fix.C...
b-Fraction_tag
1
1
1
1
1
1
1
1
1

Processing print_all_bins_hist_MV2c10at70tagged_untag_01758BT_with_HF_corr_normalization_fix.C...
b-Fraction_tag
1
1
1
1
1
1
1
1
1

Processing print_all_bins_hist_MV2c10at77tagged_untag_01758BT_with_HF_corr_normalization_fix.C...
b-Fraction_tag
0.923
0.941
0.957
1
1
1
1
1
1

Processing print_all_bins_hist_MV2c10at85tagged_untag_01758BT_with_HF_corr_normalization_fix.C...
b-Fraction_tag
0.774
0.809
0.858
0.913
0.93
0.947
0.967
0.956
0.934

Processing print_all_bins_hist_MV2c10at60tagged_tag_01758BT_with_HF_corr_normalization_fix.C...
b-Fraction_untag
0.355
0.3
0.318
0.317
0.332
0.33
0.351
0.341
0.323

Processing print_all_bins_hist_MV2c10at70tagged_tag_01758BT_with_HF_corr_normalization_fix.C...
b-Fraction_untag
0.299
0.238
0.259
0.25
0.267
0.265
0.281
0.279
0.25

Processing print_all_bins_hist_MV2c10at77tagged_tag_01758BT_with_HF_corr_normalization_fix.C...
b-Fraction_untag
0.265
0.2
0.213
0.197
0.212
0.206
0.216
0.212
0.193

Processing print_all_bins_hist_MV2c10at85tagged_tag_01758BT_with_HF_corr_normalization_fix.C...
b-Fraction_untag
0.253
0.181
0.185
0.144
0.155
0.124
0.129
0.119
0.119

Processing print_all_bins_hist_MV2c10at60tagged_untag_01758BT_with_HF_corr_normalization_fix.C...
b-Fraction_untag
0.355
0.3
0.318
0.317
0.332
0.33
0.351
0.341
0.323

Processing print_all_bins_hist_MV2c10at70tagged_untag_01758BT_with_HF_corr_normalization_fix.C...
b-Fraction_untag
0.299
0.238
0.259
0.25
0.267
0.265
0.281
0.279
0.25

Processing print_all_bins_hist_MV2c10at77tagged_untag_01758BT_with_HF_corr_normalization_fix.C...
b-Fraction_untag
0.265
0.2
0.213
0.197
0.212
0.206
0.216
0.212
0.193

Processing print_all_bins_hist_MV2c10at85tagged_untag_01758BT_with_HF_corr_normalization_fix.C...
b-Fraction_untag
0.253
0.181
0.185
0.144
0.155
0.124
0.129
0.119
0.119
