
Processing print_error_summary_measuredBEfficiencies_MV2c10at60tagged_tag_08BT_with_HF_corr_normalization_fix.C...
measuredBEfficiencies Error for MV2c10at60tagged 08BT_with_HF_corr_normalization_fix
0.00184015
0.00179853
0.00239641
0.00236999
0.00173678
0.0030689
0.00181897
0.00208631
0.00169977

Processing print_error_summary_measuredBEfficiencies_MV2c10at70tagged_tag_08BT_with_HF_corr_normalization_fix.C...
measuredBEfficiencies Error for MV2c10at70tagged 08BT_with_HF_corr_normalization_fix
0.00209732
0.00197622
0.00260565
0.0026271
0.00193119
0.00342563
0.00206566
0.00239819
0.0020261

Processing print_error_summary_measuredBEfficiencies_MV2c10at77tagged_tag_08BT_with_HF_corr_normalization_fix.C...
measuredBEfficiencies Error for MV2c10at77tagged 08BT_with_HF_corr_normalization_fix
0.00211374
0.0019508
0.0025952
0.00273816
0.00198721
0.00352965
0.00218721
0.00255664
0.00212661

Processing print_error_summary_measuredBEfficiencies_MV2c10at85tagged_tag_08BT_with_HF_corr_normalization_fix.C...
measuredBEfficiencies Error for MV2c10at85tagged 08BT_with_HF_corr_normalization_fix
0.00198821
0.00180818
0.00243476
0.00258795
0.0018962
0.000858116
0.0019706
0.00238111
0.00191938

Processing print_error_summary_trueBEfficiencies_MV2c10at60tagged_tag_08BT_with_HF_corr_normalization_fix.C...
trueBEfficiencies Error for MV2c10at60tagged 08BT_with_HF_corr_normalization_fix
0.118702
0.122457
0.0868442
0.0640295
0.072026
0.0631732
0.06258
0.0592255
0.0732883

Processing print_error_summary_trueBEfficiencies_MV2c10at70tagged_tag_08BT_with_HF_corr_normalization_fix.C...
trueBEfficiencies Error for MV2c10at70tagged 08BT_with_HF_corr_normalization_fix
0.130248
0.130532
0.0991872
0.0737566
0.0859923
0.0737707
0.0707607
0.0688532
0.0897342

Processing print_error_summary_trueBEfficiencies_MV2c10at77tagged_tag_08BT_with_HF_corr_normalization_fix.C...
trueBEfficiencies Error for MV2c10at77tagged 08BT_with_HF_corr_normalization_fix
0.154718
0.145805
0.107443
0.081804
0.0900501
0.0804177
0.0758189
0.0734759
0.0959129

Processing print_error_summary_trueBEfficiencies_MV2c10at85tagged_tag_08BT_with_HF_corr_normalization_fix.C...
trueBEfficiencies Error for MV2c10at85tagged 08BT_with_HF_corr_normalization_fix
0.176081
0.185297
0.124801
0.0909361
0.101148
0.091089
0.0799343
0.0806876
0.102593
