
Processing print_summary_NTagB_MV2c10at60tagged_tag_01758BT_with_HF_corr_normalization_fix.C...
NTagB for MV2c10at60tagged 01758BT_with_HF_corr_normalization_fix
65051.1
63430.3
44707.4
50156.2
116398
36959.2
152232
102998
130822

Processing print_summary_NTagB_MV2c10at70tagged_tag_01758BT_with_HF_corr_normalization_fix.C...
NTagB for MV2c10at70tagged 01758BT_with_HF_corr_normalization_fix
86443.2
81110.6
55372.8
61957.6
143199
45241.9
188247
128268
166082

Processing print_summary_NTagB_MV2c10at77tagged_tag_01758BT_with_HF_corr_normalization_fix.C...
NTagB for MV2c10at77tagged 01758BT_with_HF_corr_normalization_fix
100403
91167.4
62375
72686.8
167247
52770.2
220235
151413
199083

Processing print_summary_NTagB_MV2c10at85tagged_tag_01758BT_with_HF_corr_normalization_fix.C...
NTagB for MV2c10at85tagged 01758BT_with_HF_corr_normalization_fix
110327
98205.3
67692.4
80411.1
189407
60441.9
261160
179272
230428

Processing print_summary_NUntagB_MV2c10at60tagged_tag_01758BT_with_HF_corr_normalization_fix.C...
NUntagB for MV2c10at60tagged 01758BT_with_HF_corr_normalization_fix
64967.5
47141.6
32161.5
34762.1
85236.3
25099.3
114837
84023.3
112066

Processing print_summary_NUntagB_MV2c10at70tagged_tag_01758BT_with_HF_corr_normalization_fix.C...
NUntagB for MV2c10at70tagged 01758BT_with_HF_corr_normalization_fix
47711.7
32936.7
23217.9
24298.3
61064.8
17851.8
81502.8
61436.3
77833.5

Processing print_summary_NUntagB_MV2c10at77tagged_tag_01758BT_with_HF_corr_normalization_fix.C...
NUntagB for MV2c10at77tagged 01758BT_with_HF_corr_normalization_fix
36205.6
24217.5
16720.7
16915.7
43089.8
12260.4
55689.3
41760.8
53632.8

Processing print_summary_NUntagB_MV2c10at85tagged_tag_01758BT_with_HF_corr_normalization_fix.C...
NUntagB for MV2c10at85tagged 01758BT_with_HF_corr_normalization_fix
26198.2
17008.6
11396.6
9798.17
25180.1
5793.22
26224.8
18722.2
26763.1
