
Processing print_summary_NTagB_MV2c10at60tagged_tag_03BT_with_HF_corr_normalization_fix.C...
NTagB for MV2c10at60tagged 03BT_with_HF_corr_normalization_fix
90180.4
87230.7
63718.2
71782.1
166729
52057.1
215336
148239
188551

Processing print_summary_NTagB_MV2c10at70tagged_tag_03BT_with_HF_corr_normalization_fix.C...
NTagB for MV2c10at70tagged 03BT_with_HF_corr_normalization_fix
122380
112192
80353.5
89918.1
208153
64640
269636
187420
242400

Processing print_summary_NTagB_MV2c10at77tagged_tag_03BT_with_HF_corr_normalization_fix.C...
NTagB for MV2c10at77tagged 03BT_with_HF_corr_normalization_fix
139399
124924
90342
106491
247159
76515.1
320103
224516
293517

Processing print_summary_NTagB_MV2c10at85tagged_tag_03BT_with_HF_corr_normalization_fix.C...
NTagB for MV2c10at85tagged 03BT_with_HF_corr_normalization_fix
151729
134402
97992.8
117305
285737
90716.1
401913
286629
377131

Processing print_summary_NUntagB_MV2c10at60tagged_tag_03BT_with_HF_corr_normalization_fix.C...
NUntagB for MV2c10at60tagged 03BT_with_HF_corr_normalization_fix
86322.9
67552.6
45817.1
51163
134641
42253.7
185756
147474
192469

Processing print_summary_NUntagB_MV2c10at70tagged_tag_03BT_with_HF_corr_normalization_fix.C...
NUntagB for MV2c10at70tagged 03BT_with_HF_corr_normalization_fix
62116.1
47845.9
32342.4
35812.1
97532.5
31135.4
135575
110785
139048

Processing print_summary_NUntagB_MV2c10at77tagged_tag_03BT_with_HF_corr_normalization_fix.C...
NUntagB for MV2c10at77tagged 03BT_with_HF_corr_normalization_fix
46513.1
35171.3
22783
24885
68621
21998.5
95014.1
79495.6
101395

Processing print_summary_NUntagB_MV2c10at85tagged_tag_03BT_with_HF_corr_normalization_fix.C...
NUntagB for MV2c10at85tagged 03BT_with_HF_corr_normalization_fix
34466.5
25201.2
15171.4
14176.3
40394.5
11653.9
48901
42272
58170.6
