
Processing print_summary_NTagB_MV2c10at60tagged_tag_08BT_with_HF_corr_normalization_fix.C...
NTagB for MV2c10at60tagged 08BT_with_HF_corr_normalization_fix
164191
162673
123909
135710
300922
90774.7
367607
250592
310322

Processing print_summary_NTagB_MV2c10at70tagged_tag_08BT_with_HF_corr_normalization_fix.C...
NTagB for MV2c10at70tagged 08BT_with_HF_corr_normalization_fix
225126
208559
157915
172830
382132
114608
465737
320316
402987

Processing print_summary_NTagB_MV2c10at77tagged_tag_08BT_with_HF_corr_normalization_fix.C...
NTagB for MV2c10at77tagged 08BT_with_HF_corr_normalization_fix
255121
233927
177084
205495
461314
137450
559341
388101
492540

Processing print_summary_NTagB_MV2c10at85tagged_tag_08BT_with_HF_corr_normalization_fix.C...
NTagB for MV2c10at85tagged 08BT_with_HF_corr_normalization_fix
275502
250831
192711
228021
541430
166055
721542
503218
642686

Processing print_summary_NUntagB_MV2c10at60tagged_tag_08BT_with_HF_corr_normalization_fix.C...
NUntagB for MV2c10at60tagged 08BT_with_HF_corr_normalization_fix
152906
121832
80386.4
101462
269171
87180.6
361536
286261
418359

Processing print_summary_NUntagB_MV2c10at70tagged_tag_08BT_with_HF_corr_normalization_fix.C...
NUntagB for MV2c10at70tagged 08BT_with_HF_corr_normalization_fix
109665
85902.2
55021.8
72683.1
201504
66691.5
272410
222950
326386

Processing print_summary_NUntagB_MV2c10at77tagged_tag_08BT_with_HF_corr_normalization_fix.C...
NUntagB for MV2c10at77tagged 08BT_with_HF_corr_normalization_fix
81866.2
61927.9
36946.6
51080.1
146133
50066.9
198821
165838
258935

Processing print_summary_NUntagB_MV2c10at85tagged_tag_08BT_with_HF_corr_normalization_fix.C...
NUntagB for MV2c10at85tagged 08BT_with_HF_corr_normalization_fix
61419
44621
22463.1
29930.2
90810.6
30605.3
112402
99090.2
179246
