
Processing print_summary_NTagB_MV2c10at60tagged_tag_00BT_with_HF_corr_normalization_fix.C...
NTagB for MV2c10at60tagged 00BT_with_HF_corr_normalization_fix
71879.1
70431.6
50114.5
56614.7
130892
41355.9
171268
116446
148466

Processing print_summary_NTagB_MV2c10at70tagged_tag_00BT_with_HF_corr_normalization_fix.C...
NTagB for MV2c10at70tagged 00BT_with_HF_corr_normalization_fix
96250
90662.8
62510.9
70253.5
161843
50845.1
212772
145693
189374

Processing print_summary_NTagB_MV2c10at77tagged_tag_00BT_with_HF_corr_normalization_fix.C...
NTagB for MV2c10at77tagged 00BT_with_HF_corr_normalization_fix
110877
101141
70352.6
82897.8
190077
59717.2
250213
172876
227754

Processing print_summary_NTagB_MV2c10at85tagged_tag_00BT_with_HF_corr_normalization_fix.C...
NTagB for MV2c10at85tagged 00BT_with_HF_corr_normalization_fix
121546
108959
76433.4
91554.4
215685
69407.4
303062
212838
275473

Processing print_summary_NUntagB_MV2c10at60tagged_tag_00BT_with_HF_corr_normalization_fix.C...
NUntagB for MV2c10at60tagged 00BT_with_HF_corr_normalization_fix
71747.9
53059.7
35682.4
39280.7
98718.1
30150.5
135147
104742
132252

Processing print_summary_NUntagB_MV2c10at70tagged_tag_00BT_with_HF_corr_normalization_fix.C...
NUntagB for MV2c10at70tagged 00BT_with_HF_corr_normalization_fix
52513.3
37201.2
25457.7
27402.5
70792.3
21907.4
97257.1
77930
92180.1

Processing print_summary_NUntagB_MV2c10at77tagged_tag_00BT_with_HF_corr_normalization_fix.C...
NUntagB for MV2c10at77tagged 00BT_with_HF_corr_normalization_fix
39909.1
27360.2
18062.9
18981
49822.7
15083.6
67102.6
54783.4
64364.2

Processing print_summary_NUntagB_MV2c10at85tagged_tag_00BT_with_HF_corr_normalization_fix.C...
NUntagB for MV2c10at85tagged 00BT_with_HF_corr_normalization_fix
29165.7
19352.9
12019.4
10807.9
29333.9
7574.79
32785.9
27289.3
33257.7
