
Processing print_summary_NTagB_MV2c10at60tagged_tag_new_tuples_old_BT_with_HF_corr_normalization_fix.C...
NTagB for MV2c10at60tagged new_tuples_old_BT_with_HF_corr_normalization_fix
140462
140702
102915
112006
246225
76736.1
308537
208656
259008

Processing print_summary_NTagB_MV2c10at70tagged_tag_new_tuples_old_BT_with_HF_corr_normalization_fix.C...
NTagB for MV2c10at70tagged new_tuples_old_BT_with_HF_corr_normalization_fix
190754
181279
131513
142466
311883
96390.7
389913
265723
335543

Processing print_summary_NTagB_MV2c10at77tagged_tag_new_tuples_old_BT_with_HF_corr_normalization_fix.C...
NTagB for MV2c10at77tagged new_tuples_old_BT_with_HF_corr_normalization_fix
216176
202972
147433
168262
375401
115241
466811
320751
408923

Processing print_summary_NTagB_MV2c10at85tagged_tag_new_tuples_old_BT_with_HF_corr_normalization_fix.C...
NTagB for MV2c10at85tagged new_tuples_old_BT_with_HF_corr_normalization_fix
233717
216956
160480
186742
452990
142444
599035
414532
531242

Processing print_summary_NUntagB_MV2c10at60tagged_tag_new_tuples_old_BT_with_HF_corr_normalization_fix.C...
NUntagB for MV2c10at60tagged new_tuples_old_BT_with_HF_corr_normalization_fix
130636
89606
65390.6
69512.4
172680
49755.3
184537
136003
183352

Processing print_summary_NUntagB_MV2c10at70tagged_tag_new_tuples_old_BT_with_HF_corr_normalization_fix.C...
NUntagB for MV2c10at70tagged new_tuples_old_BT_with_HF_corr_normalization_fix
92875.5
59224.8
43710
45209
112785
31184.3
99243.1
76803
100138

Processing print_summary_NUntagB_MV2c10at77tagged_tag_new_tuples_old_BT_with_HF_corr_normalization_fix.C...
NUntagB for MV2c10at77tagged new_tuples_old_BT_with_HF_corr_normalization_fix
68998.3
39532.4
28200.8
27603.6
66218.4
16481.1
33382.3
25681.8
40703.8

Processing print_summary_NUntagB_MV2c10at85tagged_tag_new_tuples_old_BT_with_HF_corr_normalization_fix.C...
NUntagB for MV2c10at85tagged new_tuples_old_BT_with_HF_corr_normalization_fix
51489.4
25772.4
15769.1
10235.3
18850.6
2.90619e-08
5.29061e-08
0.000394559
0.0128297
