
Processing print_all_bins_integral_MV2c10at60tagged_tag_08BT_with_HF_corr_normalization_fix.C...
pTrel_data_tag
167967
169180
124690
135751
303089
94314
374959
253348
318080

Processing print_all_bins_integral_MV2c10at70tagged_tag_08BT_with_HF_corr_normalization_fix.C...
pTrel_data_tag
232929
225080
160432
172881
384883
119076
475052
323836
413046

Processing print_all_bins_integral_MV2c10at77tagged_tag_08BT_with_HF_corr_normalization_fix.C...
pTrel_data_tag
304780
283490
197273
210135
464632
142809
570527
392370
504853

Processing print_all_bins_integral_MV2c10at85tagged_tag_08BT_with_HF_corr_normalization_fix.C...
pTrel_data_tag
411296
381252
260439
275103
604534
183739
735970
508753
658752

Processing print_all_bins_integral_MV2c10at60tagged_tag_08BT_with_HF_corr_normalization_fix.C...
pTrel_data_untag
631288
616222
400811
418009
923640
252994
1.0449e+06
760722
1.03709e+06

Processing print_all_bins_integral_MV2c10at70tagged_tag_08BT_with_HF_corr_normalization_fix.C...
pTrel_data_untag
566326
560322
365069
380879
841846
228232
944810
690234
942125

Processing print_all_bins_integral_MV2c10at77tagged_tag_08BT_with_HF_corr_normalization_fix.C...
pTrel_data_untag
494475
501912
328228
343625
762097
204499
849335
621700
850318

Processing print_all_bins_integral_MV2c10at85tagged_tag_08BT_with_HF_corr_normalization_fix.C...
pTrel_data_untag
387959
404150
265062
278657
622195
163569
683892
505317
696419
