
Processing print_all_bins_integral_MV2c10at60tagged_tag_03BT_with_HF_corr_normalization_fix.C...
pTrel_data_tag
95139
93075
67605
74438
171898
54764
220719
151648
192888

Processing print_all_bins_integral_MV2c10at70tagged_tag_03BT_with_HF_corr_normalization_fix.C...
pTrel_data_tag
129110
121307
85255
93245
214606
68001
276377
191731
247975

Processing print_all_bins_integral_MV2c10at77tagged_tag_03BT_with_HF_corr_normalization_fix.C...
pTrel_data_tag
164349
148695
102735
111312
254821
80493
328105
229680
300268

Processing print_all_bins_integral_MV2c10at85tagged_tag_03BT_with_HF_corr_normalization_fix.C...
pTrel_data_tag
216159
193401
131162
141399
323014
101633
415329
293218
385799

Processing print_all_bins_integral_MV2c10at60tagged_tag_03BT_with_HF_corr_normalization_fix.C...
pTrel_data_untag
295221
267890
174441
187840
435759
126292
538586
404195
566928

Processing print_all_bins_integral_MV2c10at70tagged_tag_03BT_with_HF_corr_normalization_fix.C...
pTrel_data_untag
261250
239658
156791
169033
393051
113055
482928
364112
511841

Processing print_all_bins_integral_MV2c10at77tagged_tag_03BT_with_HF_corr_normalization_fix.C...
pTrel_data_untag
226011
212270
139311
150966
352836
100563
431200
326163
459548

Processing print_all_bins_integral_MV2c10at85tagged_tag_03BT_with_HF_corr_normalization_fix.C...
pTrel_data_untag
174201
167564
110884
120879
284643
79423
343976
262625
374017
