
Processing print_all_bins_integral_MV2c10at60tagged_tag_new_tuples_old_BT_with_HF_corr_normalization_fix.C...
pTrel_data_tag
145798
145626
106208
114694
255335
79345
314399
212620
267296

Processing print_all_bins_integral_MV2c10at70tagged_tag_new_tuples_old_BT_with_HF_corr_normalization_fix.C...
pTrel_data_tag
202273
193484
136525
145885
323423
99668
397321
270772
346280

Processing print_all_bins_integral_MV2c10at77tagged_tag_new_tuples_old_BT_with_HF_corr_normalization_fix.C...
pTrel_data_tag
264212
243487
167651
176556
389291
119159
475680
326845
422009

Processing print_all_bins_integral_MV2c10at85tagged_tag_new_tuples_old_BT_with_HF_corr_normalization_fix.C...
pTrel_data_tag
355982
326831
220486
230084
504075
152494
610389
422408
548240

Processing print_all_bins_integral_MV2c10at60tagged_tag_new_tuples_old_BT_with_HF_corr_normalization_fix.C...
pTrel_data_untag
543362
525914
335367
344295
753835
205354
848495
618944
847162

Processing print_all_bins_integral_MV2c10at70tagged_tag_new_tuples_old_BT_with_HF_corr_normalization_fix.C...
pTrel_data_untag
486887
478056
305050
313104
685747
185031
765573
560792
768178

Processing print_all_bins_integral_MV2c10at77tagged_tag_new_tuples_old_BT_with_HF_corr_normalization_fix.C...
pTrel_data_untag
424948
428053
273924
282433
619879
165540
687214
504719
692449

Processing print_all_bins_integral_MV2c10at85tagged_tag_new_tuples_old_BT_with_HF_corr_normalization_fix.C...
pTrel_data_untag
333178
344709
221089
228905
505095
132205
552505
409156
566218
